生成启动时间为 2014/2/1 0:26:22。
     1>项目“E:\c\osg\2014\Proj1\Proj1.vcxproj”在节点 2 上(build 个目标)。
     1>InitializeBuildStatus:
         正在创建“Release\Proj1.unsuccessfulbuild”，因为已指定“AlwaysCreate”。
       ClCompile:
         C:\Program Files (x86)\Microsoft Visual Studio 10.0\VC\bin\CL.exe /c /Zi /nologo /W3 /WX- /O2 /Oi /Oy- /GL /D WIN32 /D NDEBUG /D _CONSOLE /D _UNICODE /D UNICODE /Gm- /EHsc /MD /GS /Gy /fp:precise /Zc:wchar_t /Zc:forScope /Fo"Release\\" /Fd"Release\vc100.pdb" /Gd /TP /analyze- /errorReport:prompt main.cpp
         main.cpp
       Link:
         C:\Program Files (x86)\Microsoft Visual Studio 10.0\VC\bin\link.exe /ERRORREPORT:PROMPT /OUT:"E:\c\osg\2014\Proj1\Release\Proj1.exe" /INCREMENTAL:NO /NOLOGO OpenThreads.lib osg.lib osgDB.lib osgFX.lib osgGA.lib osgManipulator.lib osgShadow.lib osgSim.lib osgTerrain.lib osgText.lib osgUtil.lib osgViewer.lib kernel32.lib user32.lib gdi32.lib winspool.lib comdlg32.lib advapi32.lib shell32.lib ole32.lib oleaut32.lib uuid.lib odbc32.lib odbccp32.lib kernel32.lib user32.lib gdi32.lib winspool.lib comdlg32.lib advapi32.lib shell32.lib ole32.lib oleaut32.lib uuid.lib odbc32.lib odbccp32.lib /MANIFEST /ManifestFile:"Release\Proj1.exe.intermediate.manifest" /MANIFESTUAC:"level='asInvoker' uiAccess='false'" /DEBUG /PDB:"E:\c\osg\2014\Proj1\Release\Proj1.pdb" /SUBSYSTEM:CONSOLE /OPT:REF /OPT:ICF /LTCG /TLBID:1 /DYNAMICBASE /NXCOMPAT /IMPLIB:"E:\c\osg\2014\Proj1\Release\Proj1.lib" /MACHINE:X86 Release\main.obj
         正在生成代码
         已完成代码的生成
         Proj1.vcxproj -> E:\c\osg\2014\Proj1\Release\Proj1.exe
       Manifest:
         C:\Program Files (x86)\Microsoft SDKs\Windows\v7.0A\bin\mt.exe /nologo /verbose /outputresource:"E:\c\osg\2014\Proj1\Release\Proj1.exe;#1" /manifest Release\Proj1.exe.intermediate.manifest
       FinalizeBuildStatus:
         正在删除文件“Release\Proj1.unsuccessfulbuild”。
         正在对“Release\Proj1.lastbuildstate”执行 Touch 任务。
     1>已完成生成项目“E:\c\osg\2014\Proj1\Proj1.vcxproj”(build 个目标)的操作。

生成成功。

已用时间 00:00:14.50
