生成启动时间为 2014/2/16 16:35:54。
     1>项目“E:\c\osg\2014\Step11\Step11.vcxproj”在节点 2 上(build 个目标)。
     1>InitializeBuildStatus:
         正在创建“Debug\Step11.unsuccessfulbuild”，因为已指定“AlwaysCreate”。
       ClCompile:
         C:\Program Files (x86)\Microsoft Visual Studio 10.0\VC\bin\CL.exe /c /ZI /nologo /W3 /WX- /Od /Oy- /D WIN32 /D _WINDOWS /D _DEBUG /D _UNICODE /D UNICODE /D _AFXDLL /Gm /EHsc /RTC1 /MDd /GS /fp:precise /Zc:wchar_t /Zc:forScope /Yc"StdAfx.h" /Fp"Debug\Step11.pch" /Fo"Debug\\" /Fd"Debug\vc100.pdb" /Gd /TP /analyze- /errorReport:prompt stdafx.cpp
         stdafx.cpp
         C:\Program Files (x86)\Microsoft Visual Studio 10.0\VC\bin\CL.exe /c /ZI /nologo /W3 /WX- /Od /Oy- /D WIN32 /D _WINDOWS /D _DEBUG /D _UNICODE /D UNICODE /D _AFXDLL /Gm /EHsc /RTC1 /MDd /GS /fp:precise /Zc:wchar_t /Zc:forScope /Yu"StdAfx.h" /Fp"Debug\Step11.pch" /Fo"Debug\\" /Fd"Debug\vc100.pdb" /Gd /TP /analyze- /errorReport:prompt MainFrm.cpp OutputWnd.cpp PropertiesWnd.cpp Step11.cpp Step11Doc.cpp Step11View.cpp
         Step11View.cpp
         Step11Doc.cpp
         Step11.cpp
         PropertiesWnd.cpp
         OutputWnd.cpp
         MainFrm.cpp
         正在生成代码...
       ResourceCompile:
         C:\Program Files (x86)\Microsoft SDKs\Windows\v7.0A\bin\rc.exe /D _DEBUG /D _UNICODE /D UNICODE /D _AFXDLL /l"0x0804" /IDebug\ /nologo /fo"Debug\Step11.res" Step11.rc 
       ManifestResourceCompile:
         C:\Program Files (x86)\Microsoft SDKs\Windows\v7.0A\bin\rc.exe /nologo /fo"Debug\Step11.exe.embed.manifest.res" Debug\Step11_manifest.rc 
       Link:
         C:\Program Files (x86)\Microsoft Visual Studio 10.0\VC\bin\link.exe /ERRORREPORT:PROMPT /OUT:"E:\c\osg\2014\Step11\Debug\Step11.exe" /INCREMENTAL /NOLOGO /MANIFEST /ManifestFile:"Debug\Step11.exe.intermediate.manifest" /MANIFESTUAC:"level='asInvoker' uiAccess='false'" /DEBUG /PDB:"E:\c\osg\2014\Step11\Debug\Step11.pdb" /SUBSYSTEM:WINDOWS /TLBID:1 /ENTRY:"wWinMainCRTStartup" /DYNAMICBASE /NXCOMPAT /IMPLIB:"E:\c\osg\2014\Step11\Debug\Step11.lib" /MACHINE:X86 Debug\Step11.res
         Debug\Step11.exe.embed.manifest.res
         Debug\MainFrm.obj
         Debug\OutputWnd.obj
         Debug\PropertiesWnd.obj
         Debug\stdafx.obj
         Debug\Step11.obj
         Debug\Step11Doc.obj
         Debug\Step11View.obj
       Manifest:
         C:\Program Files (x86)\Microsoft SDKs\Windows\v7.0A\bin\mt.exe /nologo /verbose /out:"Debug\Step11.exe.embed.manifest" /manifest Debug\Step11.exe.intermediate.manifest "C:\Program Files (x86)\Microsoft Visual Studio 10.0\VC\Include\Manifest\dpiaware.manifest"
         C:\Program Files (x86)\Microsoft SDKs\Windows\v7.0A\bin\rc.exe /nologo /fo"Debug\Step11.exe.embed.manifest.res" Debug\Step11_manifest.rc 
       LinkEmbedManifest:
         C:\Program Files (x86)\Microsoft Visual Studio 10.0\VC\bin\link.exe /ERRORREPORT:PROMPT /OUT:"E:\c\osg\2014\Step11\Debug\Step11.exe" /INCREMENTAL /NOLOGO /MANIFEST /ManifestFile:"Debug\Step11.exe.intermediate.manifest" /MANIFESTUAC:"level='asInvoker' uiAccess='false'" /DEBUG /PDB:"E:\c\osg\2014\Step11\Debug\Step11.pdb" /SUBSYSTEM:WINDOWS /TLBID:1 /ENTRY:"wWinMainCRTStartup" /DYNAMICBASE /NXCOMPAT /IMPLIB:"E:\c\osg\2014\Step11\Debug\Step11.lib" /MACHINE:X86 Debug\Step11.res
         Debug\Step11.exe.embed.manifest.res
         Debug\MainFrm.obj
         Debug\OutputWnd.obj
         Debug\PropertiesWnd.obj
         Debug\stdafx.obj
         Debug\Step11.obj
         Debug\Step11Doc.obj
         Debug\Step11View.obj
         Step11.vcxproj -> E:\c\osg\2014\Step11\Debug\Step11.exe
       FinalizeBuildStatus:
         正在删除文件“Debug\Step11.unsuccessfulbuild”。
         正在对“Debug\Step11.lastbuildstate”执行 Touch 任务。
     1>已完成生成项目“E:\c\osg\2014\Step11\Step11.vcxproj”(build 个目标)的操作。

生成成功。

已用时间 00:00:27.86
