生成启动时间为 2014/2/18 13:20:41。
     1>项目“E:\c\osg\2014\Step12\Step12.vcxproj”在节点 2 上(build 个目标)。
     1>InitializeBuildStatus:
         正在创建“Release\Step12.unsuccessfulbuild”，因为已指定“AlwaysCreate”。
       ClCompile:
         所有输出均为最新。
         C:\Program Files (x86)\Microsoft Visual Studio 10.0\VC\bin\CL.exe /c /Zi /nologo /W3 /WX- /O2 /Oi /Oy- /GL /D WIN32 /D _WINDOWS /D NDEBUG /D _MBCS /D _AFXDLL /Gm- /EHsc /MD /GS /Gy /fp:precise /Zc:wchar_t /Zc:forScope /Yu"StdAfx.h" /Fp"Release\Step12.pch" /Fo"Release\\" /Fd"Release\vc100.pdb" /Gd /TP /analyze- /errorReport:prompt PickHandler.cpp
         PickHandler.cpp
       ResourceCompile:
         所有输出均为最新。
       Link:
         C:\Program Files (x86)\Microsoft Visual Studio 10.0\VC\bin\link.exe /ERRORREPORT:PROMPT /OUT:"E:\c\osg\2014\Step12\Release\Step12.exe" /INCREMENTAL:NO /NOLOGO OpenThreads.lib osg.lib osgDB.lib osgFX.lib osgGA.lib osgManipulator.lib osgShadow.lib osgSim.lib osgTerrain.lib osgText.lib osgUtil.lib osgViewer.lib /MANIFEST /ManifestFile:"Release\Step12.exe.intermediate.manifest" /MANIFESTUAC:"level='asInvoker' uiAccess='false'" /DEBUG /PDB:"E:\c\osg\2014\Step12\Release\Step12.pdb" /SUBSYSTEM:WINDOWS /OPT:REF /OPT:ICF /LTCG /TLBID:1 /DYNAMICBASE /NXCOMPAT /IMPLIB:"E:\c\osg\2014\Step12\Release\Step12.lib" /MACHINE:X86 Release\Step12.res
         Release\ChildFrm.obj
         Release\DraggerContainer.obj
         Release\MainFrm.obj
         Release\Osg.obj
         Release\OutputWnd.obj
         Release\PickHandler.obj
         Release\PropertiesWnd.obj
         Release\stdafx.obj
         Release\Step12.obj
         Release\Step12Doc.obj
         Release\Step12View.obj
         正在生成代码
         已完成代码的生成
         Step12.vcxproj -> E:\c\osg\2014\Step12\Release\Step12.exe
       Manifest:
         C:\Program Files (x86)\Microsoft SDKs\Windows\v7.0A\bin\mt.exe /nologo /verbose /outputresource:"E:\c\osg\2014\Step12\Release\Step12.exe;#1" /manifest Release\Step12.exe.intermediate.manifest "C:\Program Files (x86)\Microsoft Visual Studio 10.0\VC\Include\Manifest\dpiaware.manifest"
       FinalizeBuildStatus:
         正在删除文件“Release\Step12.unsuccessfulbuild”。
         正在对“Release\Step12.lastbuildstate”执行 Touch 任务。
     1>已完成生成项目“E:\c\osg\2014\Step12\Step12.vcxproj”(build 个目标)的操作。

生成成功。

已用时间 00:00:38.65
