生成启动时间为 2014/1/28 17:55:31。
     1>项目“E:\c\osg\2014\Step3\Step3.vcxproj”在节点 2 上(build 个目标)。
     1>InitializeBuildStatus:
         正在创建“Debug\Step3.unsuccessfulbuild”，因为已指定“AlwaysCreate”。
       ClCompile:
         C:\Program Files (x86)\Microsoft Visual Studio 10.0\VC\bin\CL.exe /c /ZI /nologo /W3 /WX- /Od /Oy- /D WIN32 /D _DEBUG /D _CONSOLE /D _UNICODE /D UNICODE /Gm /EHsc /RTC1 /MDd /GS /fp:precise /Zc:wchar_t /Zc:forScope /Fo"Debug\\" /Fd"Debug\vc100.pdb" /Gd /TP /analyze- /errorReport:prompt main.cpp
         main.cpp
       ManifestResourceCompile:
         所有输出均为最新。
       Link:
         C:\Program Files (x86)\Microsoft Visual Studio 10.0\VC\bin\link.exe /ERRORREPORT:PROMPT /OUT:"E:\c\osg\2014\Step3\Debug\Step3.exe" /INCREMENTAL /NOLOGO OpenThreadsd.lib osgd.lib osgDBd.lib osgFXd.lib osgGAd.lib osgManipulatord.lib osgShadowd.lib osgSimd.lib osgTerraind.lib osgTextd.lib osgUtild.lib osgViewerd.lib kernel32.lib user32.lib gdi32.lib winspool.lib comdlg32.lib advapi32.lib shell32.lib ole32.lib oleaut32.lib uuid.lib odbc32.lib odbccp32.lib kernel32.lib user32.lib gdi32.lib winspool.lib comdlg32.lib advapi32.lib shell32.lib ole32.lib oleaut32.lib uuid.lib odbc32.lib odbccp32.lib /MANIFEST /ManifestFile:"Debug\Step3.exe.intermediate.manifest" /MANIFESTUAC:"level='asInvoker' uiAccess='false'" /DEBUG /PDB:"E:\c\osg\2014\Step3\Debug\Step3.pdb" /SUBSYSTEM:CONSOLE /TLBID:1 /DYNAMICBASE /NXCOMPAT /IMPLIB:"E:\c\osg\2014\Step3\Debug\Step3.lib" /MACHINE:X86 Debug\Step3.exe.embed.manifest.res
         Debug\main.obj
       Manifest:
         C:\Program Files (x86)\Microsoft SDKs\Windows\v7.0A\bin\mt.exe /nologo /verbose /out:"Debug\Step3.exe.embed.manifest" /manifest Debug\Step3.exe.intermediate.manifest
         所有输出均为最新。
       LinkEmbedManifest:
         所有输出均为最新。
         Step3.vcxproj -> E:\c\osg\2014\Step3\Debug\Step3.exe
       FinalizeBuildStatus:
         正在删除文件“Debug\Step3.unsuccessfulbuild”。
         正在对“Debug\Step3.lastbuildstate”执行 Touch 任务。
     1>已完成生成项目“E:\c\osg\2014\Step3\Step3.vcxproj”(build 个目标)的操作。

生成成功。

已用时间 00:00:09.58
